<?xml version="1.0" encoding="UTF-8"?>
<!-- Generated by org.testng.reporters.JUnitReportReporter -->
<testsuite skipped="0" hostname="vipin" name="wipro_demo_qa.QademoSelectable" tests="2" failures="0" timestamp="2020-03-27T11:46:52 IST" time="2.299" errors="0">
  <testcase name="verifyPageTitle" time="0.038" classname="wipro_demo_qa.QademoSelectable"/>
  <system-out/>
  <testcase name="getAllElementsAndNames" time="2.261" classname="wipro_demo_qa.QademoSelectable"/>
  <system-out/>
</testsuite> <!-- wipro_demo_qa.QademoSelectable -->
